Log file open, 04/18/21 23:56:53
LogWindows: Failed to load 'aqProf.dll' (GetLastError=126)
LogWindows: File 'aqProf.dll' does not exist
LogWindows: Failed to load 'VSPerf140.dll' (GetLastError=126)
LogWindows: File 'VSPerf140.dll' does not exist
LogWindows: Failed to load 'VtuneApi.dll' (GetLastError=126)
LogWindows: File 'VtuneApi.dll' does not exist
LogWindows: Failed to load 'VtuneApi32e.dll' (GetLastError=126)
LogWindows: File 'VtuneApi32e.dll' does not exist
LogInit: Display: Running engine for game: shawnfourtwenty
LogPlatformFile: Not using cached read wrapper
LogTaskGraph: Started task graph with 5 named threads and 74 total threads with 3 sets of task threads.
LogStats: Stats thread started at 1.217675
LogD3D11RHI: Loaded GFSDK_Aftermath_Lib.x64.dll
LogICUInternationalization: Display: ICU TimeZone Detection - Raw Offset: -5:00, Platform Override: ''
LogPluginManager: Mounting plugin Paper2D
LogPluginManager: Mounting plugin AISupport
LogPluginManager: Mounting plugin LightPropagationVolume
LogPluginManager: Mounting plugin CLionSourceCodeAccess
LogPluginManager: Mounting plugin CodeLiteSourceCodeAccess
LogPluginManager: Mounting plugin GitSourceControl
LogPluginManager: Mounting plugin KDevelopSourceCodeAccess
LogPluginManager: Mounting plugin NullSourceCodeAccess
LogPluginManager: Mounting plugin PerforceSourceControl
LogPluginManager: Mounting plugin SubversionSourceControl
LogPluginManager: Mounting plugin UObjectPlugin
LogPluginManager: Mounting plugin VisualStudioCodeSourceCodeAccess
LogPluginManager: Mounting plugin VisualStudioSourceCodeAccess
LogPluginManager: Mounting plugin XCodeSourceCodeAccess
LogPluginManager: Mounting plugin AssetManagerEditor
LogPluginManager: Mounting plugin CryptoKeys
LogPluginManager: Mounting plugin DataValidation
LogPluginManager: Mounting plugin FacialAnimation
LogPluginManager: Mounting plugin GameplayTagsEditor
LogPluginManager: Mounting plugin MacGraphicsSwitching
LogPluginManager: Mounting plugin MeshEditor
LogPluginManager: Mounting plugin MobileLauncherProfileWizard
LogPluginManager: Mounting plugin PluginBrowser
LogPluginManager: Mounting plugin SpeedTreeImporter
LogPluginManager: Mounting plugin DatasmithContent
LogPluginManager: Mounting plugin AlembicImporter
LogPluginManager: Mounting plugin AppleImageUtils
LogPluginManager: Mounting plugin AppleVision
LogPluginManager: Mounting plugin BackChannel
LogPluginManager: Mounting plugin CharacterAI
LogPluginManager: Mounting plugin GeometryCache
LogPluginManager: Mounting plugin HTML5Networking
LogPluginManager: Mounting plugin ProxyLODPlugin
LogPluginManager: Mounting plugin MagicLeap
LogPluginManager: Mounting plugin MagicLeapEmulator
LogPluginManager: Mounting plugin MagicLeapMedia
LogPluginManager: Mounting plugin AndroidMedia
LogPluginManager: Mounting plugin AvfMedia
LogPluginManager: Mounting plugin ImgMedia
LogPluginManager: Mounting plugin LinearTimecode
LogPluginManager: Mounting plugin MediaCompositing
LogPluginManager: Mounting plugin MediaPlayerEditor
LogPluginManager: Mounting plugin WmfMedia
LogPluginManager: Mounting plugin TcpMessaging
LogPluginManager: Mounting plugin UdpMessaging
LogPluginManager: Mounting plugin ActorSequence
LogPluginManager: Mounting plugin LevelSequenceEditor
LogPluginManager: Mounting plugin MatineeToLevelSequence
LogPluginManager: Mounting plugin NetcodeUnitTest
LogPluginManager: Mounting plugin NUTUnrealEngine4
LogPluginManager: Mounting plugin OnlineSubsystemGooglePlay
LogPluginManager: Mounting plugin OnlineSubsystemIOS
LogPluginManager: Mounting plugin OnlineSubsystem
LogPluginManager: Mounting plugin OnlineSubsystemNull
LogPluginManager: Mounting plugin OnlineSubsystemUtils
LogPluginManager: Mounting plugin LauncherChunkInstaller
LogPluginManager: Mounting plugin AndroidDeviceProfileSelector
LogPluginManager: Mounting plugin AndroidMoviePlayer
LogPluginManager: Mounting plugin AndroidPermission
LogPluginManager: Mounting plugin AppleMoviePlayer
LogPluginManager: Mounting plugin ArchVisCharacter
LogPluginManager: Mounting plugin AudioCapture
LogPluginManager: Mounting plugin CableComponent
LogPluginManager: Mounting plugin CustomMeshComponent
LogPluginManager: Mounting plugin EditableMesh
LogPluginManager: Mounting plugin ExampleDeviceProfileSelector
LogPluginManager: Mounting plugin GoogleCloudMessaging
LogPluginManager: Mounting plugin ImmediatePhysics
LogPluginManager: Mounting plugin IOSDeviceProfileSelector
LogPluginManager: Mounting plugin LinuxDeviceProfileSelector
LogPluginManager: Mounting plugin LocationServicesBPLibrary
LogPluginManager: Mounting plugin MobilePatchingUtils
LogPluginManager: Mounting plugin OculusVR
LogPluginManager: Plugin shader directory ../../../Engine/Plugins/Runtime/Oculus/OculusVR/Shaders found
LogPluginManager: Mapping shader source directory ../../../Engine/Plugins/Runtime/Oculus/OculusVR/Shaders to virtual directory /Plugin/OculusVR
LogPluginManager: Mounting plugin PhysXVehicles
LogPluginManager: Mounting plugin ProceduralMeshComponent
LogPluginManager: Mounting plugin RuntimePhysXCooking
LogPluginManager: Mounting plugin SteamVR
LogPluginManager: Mounting plugin WindowsMoviePlayer
LogStreaming: Display: Took  0.193s to configure plugins.
LogInit: Using libcurl 7.55.1-DEV
LogInit:  - built for x86_64-pc-win32
LogInit:  - supports SSL with OpenSSL/1.0.2h
LogInit:  - supports HTTP deflate (compression) using libz 1.2.8
LogInit:  - other features:
LogInit:      CURL_VERSION_SSL
LogInit:      CURL_VERSION_LIBZ
LogInit:      CURL_VERSION_IPV6
LogInit:      CURL_VERSION_ASYNCHDNS
LogInit:      CURL_VERSION_LARGEFILE
LogInit:      CURL_VERSION_IDN
LogInit:  CurlRequestOptions (configurable via config and command line):
LogInit:  - bVerifyPeer = false  - Libcurl will NOT verify peer certificate
LogInit:  - bUseHttpProxy = false  - Libcurl will NOT use HTTP proxy
LogInit:  - bDontReuseConnections = false  - Libcurl will reuse connections
LogInit:  - CertBundlePath = nullptr  - Libcurl will use whatever was configured at build time.
LogInit:  - MaxHostConnections = 16  - Libcurl will limit the number of connections to a host
LogInit:  - LocalHostAddr = Default
LogInit:  - BufferSize = 65536
LogInit: WinSock: version 1.1 (2.2), MaxSocks=32767, MaxUdp=65467
LogInit: Build: ++UE4+Release-4.20-CL-4369336
LogInit: Engine Version: 4.20.3-4369336+++UE4+Release-4.20
LogInit: Compatible Engine Version: 4.20.0-4212847+++UE4+Release-4.20
LogInit: Net CL: 4212847
LogInit: OS: Windows 10 (), CPU: Intel(R) Xeon(R) CPU E5-2650 v4 @ 2.20GHz, GPU: NVIDIA Quadro M4000
LogInit: Compiled (64-bit): Sep 17 2018 12:26:19
LogInit: Compiled with Visual C++: 19.13.26129.00
LogInit: Build Configuration: Development
LogInit: Branch Name: ++UE4+Release-4.20
LogInit: Command Line:  
LogInit: Base Directory: C:/Program Files/Epic Games/UE_4.20/Engine/Binaries/Win64/
LogInit: Installed Engine Build: 1
LogDevObjectVersion: Number of dev versions registered: 20
LogDevObjectVersion:   Dev-Blueprints (B0D832E4-1F89-4F0D-ACCF-7EB736FD4AA2): 10
LogDevObjectVersion:   Dev-Build (E1C64328-A22C-4D53-A36C-8E866417BD8C): 0
LogDevObjectVersion:   Dev-Core (375EC13C-06E4-48FB-B500-84F0262A717E): 2
LogDevObjectVersion:   Dev-Editor (E4B068ED-F494-42E9-A231-DA0B2E46BB41): 24
LogDevObjectVersion:   Dev-Framework (CFFC743F-43B0-4480-9391-14DF171D2073): 34
LogDevObjectVersion:   Dev-Mobile (B02B49B5-BB20-44E9-A304-32B752E40360): 2
LogDevObjectVersion:   Dev-Networking (A4E4105C-59A1-49B5-A7C5-40C4547EDFEE): 0
LogDevObjectVersion:   Dev-Online (39C831C9-5AE6-47DC-9A44-9C173E1C8E7C): 0
LogDevObjectVersion:   Dev-Physics (78F01B33-EBEA-4F98-B9B4-84EACCB95AA2): 0
LogDevObjectVersion:   Dev-Platform (6631380F-2D4D-43E0-8009-CF276956A95A): 0
LogDevObjectVersion:   Dev-Rendering (12F88B9F-8875-4AFC-A67C-D90C383ABD29): 26
LogDevObjectVersion:   Dev-Sequencer (7B5AE74C-D270-4C10-A958-57980B212A5A): 9
LogDevObjectVersion:   Dev-VR (D7296918-1DD6-4BDD-9DE2-64A83CC13884): 2
LogDevObjectVersion:   Dev-LoadTimes (C2A15278-BFE7-4AFE-6C17-90FF531DF755): 1
LogDevObjectVersion:   Private-Geometry (6EACA3D4-40EC-4CC1-B786-8BED09428FC5): 3
LogDevObjectVersion:   Dev-AnimPhys (29E575DD-E0A3-4627-9D10-D276232CDCEA): 17
LogDevObjectVersion:   Dev-ReflectionCapture (6B266CEC-1EC7-4B8F-A30B-E4D90942FC07): 1
LogDevObjectVersion:   Dev-Automation (0DF73D61-A23F-47EA-B727-89E90C41499A): 1
LogDevObjectVersion:   FortniteMain (601D1886-AC64-4F84-AA16-D3DE0DEAC7D6): 12
LogDevObjectVersion:   Dev-Enterprise (9DFFBCD6-494F-0158-E221-12823C92A888): 1
LogStreaming: Display: Took  0.000s to delete old logs.
LogInit: Presizing for max 8388607 objects, including 0 objects not considered by GC, pre-allocating 0 bytes for permanent pool.
LogInit: Object subsystem initialized
[2021.04.19-03.56.53:647][  0]LogInit: Selected Device Profile: [Windows]
[2021.04.19-03.56.53:647][  0]LogInit: Applying CVar settings loaded from the selected device profile: [Windows]
[2021.04.19-03.56.53:662][  0]LogHAL: Display: Platform has ~ 32 GB [34277638144 / 34359738368 / 32], which maps to Largest [LargestMinGB=32, LargerMinGB=12, DefaultMinGB=8, SmallerMinGB=6, SmallestMinGB=0)
[2021.04.19-03.56.53:662][  0]LogInit: Setting Device Profile CVar: [[r.Vulkan.UseRealUBs:1]]
[2021.04.19-03.56.53:663][  0]LogInit: Going up to parent DeviceProfile []
[2021.04.19-03.56.53:664][  0]LogInit: Computer: DESKTOP-2AQSJVN
[2021.04.19-03.56.53:664][  0]LogInit: User: thadk
[2021.04.19-03.56.53:664][  0]LogInit: CPU Page size=4096, Cores=24
[2021.04.19-03.56.53:664][  0]LogInit: High frequency timer resolution =10.000000 MHz
[2021.04.19-03.56.53:664][  0]LogMemory: Memory total: Physical=31.9GB (32GB approx)
[2021.04.19-03.56.53:664][  0]LogMemory: Platform Memory Stats for Windows
[2021.04.19-03.56.53:664][  0]LogMemory: Process Physical Memory: 103.63 MB used, 103.64 MB peak
[2021.04.19-03.56.53:664][  0]LogMemory: Process Virtual Memory: 92.90 MB used, 92.90 MB peak
[2021.04.19-03.56.53:664][  0]LogMemory: Physical Memory: 7920.47 MB used,  24769.23 MB free, 32689.70 MB total
[2021.04.19-03.56.53:664][  0]LogMemory: Virtual Memory: 4701.68 MB used,  24769.23 MB free, 134217728.00 MB total
[2021.04.19-03.56.53:694][  0]LogInit: Using OS detected language (en-US).
[2021.04.19-03.56.53:694][  0]LogInit: Using OS detected locale (en-US).
[2021.04.19-03.56.53:696][  0]LogTextLocalizationManager: No specific localization for 'en-US' exists, so the 'en' localization will be used.
[2021.04.19-03.56.54:279][  0]LogStreaming: Display: Took  0.585s to InitEngineTextLocalization.
[2021.04.19-03.56.54:280][  0]LogInit: Setting process to per monitor DPI aware
[2021.04.19-03.56.54:328][  0]LogSlate: New Slate User Created.  User Index 0, Is Virtual User: 0
[2021.04.19-03.56.54:328][  0]LogSlate: Slate User Registered.  User Index 0, Is Virtual User: 0
[2021.04.19-03.56.54:672][  0]LogHMD: Failed to initialize OpenVR with code 110
[2021.04.19-03.56.54:672][  0]LogD3D11RHI: D3D11 adapters:
[2021.04.19-03.56.54:779][  0]LogD3D11RHI:    0. 'NVIDIA Quadro M4000' (Feature Level 11_0)
[2021.04.19-03.56.54:779][  0]LogD3D11RHI:       8144/0/16344 MB DedicatedVideo/DedicatedSystem/SharedSystem, Outputs:1, VendorId:0x10de
[2021.04.19-03.56.54:782][  0]LogD3D11RHI:    1. 'Microsoft Basic Render Driver' (Feature Level 11_0)
[2021.04.19-03.56.54:782][  0]LogD3D11RHI:       0/0/16344 MB DedicatedVideo/DedicatedSystem/SharedSystem, Outputs:0, VendorId:0x1414
[2021.04.19-03.56.54:782][  0]LogD3D11RHI: Chosen D3D11 Adapter: 0
[2021.04.19-03.56.54:790][  0]LogD3D11RHI: Creating new Direct3DDevice
[2021.04.19-03.56.54:790][  0]LogD3D11RHI:     GPU DeviceId: 0x13f1 (for the marketing name, search the web for "GPU Device Id")
[2021.04.19-03.56.54:790][  0]LogWindows: EnumDisplayDevices:
[2021.04.19-03.56.54:791][  0]LogWindows:    0. 'NVIDIA Quadro M4000' (P:1 D:1)
[2021.04.19-03.56.54:791][  0]LogWindows:    1. 'NVIDIA Quadro M4000' (P:0 D:0)
[2021.04.19-03.56.54:791][  0]LogWindows:    2. 'NVIDIA Quadro M4000' (P:0 D:0)
[2021.04.19-03.56.54:792][  0]LogWindows:    3. 'NVIDIA Quadro M4000' (P:0 D:0)
[2021.04.19-03.56.54:792][  0]LogWindows: DebugString: FoundDriverCount:4 
[2021.04.19-03.56.54:792][  0]LogD3D11RHI:     Adapter Name: NVIDIA Quadro M4000
[2021.04.19-03.56.54:792][  0]LogD3D11RHI:   Driver Version: 391.25 (internal:23.21.13.9125, unified:391.25)
[2021.04.19-03.56.54:792][  0]LogD3D11RHI:      Driver Date: 3-16-2018
[2021.04.19-03.56.54:792][  0]LogRHI: Texture pool is 5701 MB (70% of 8144 MB)
[2021.04.19-03.56.54:864][  0]LogD3D11RHI: Async texture creation enabled
[2021.04.19-03.56.54:886][  0]LogD3D11RHI: GPU Timing Frequency: 1000.000000 (Debug: 2 2)
[2021.04.19-03.56.54:936][  0]LogShaderCompilers: Guid format shader working directory is -26 characters bigger than the processId version (../../../../../../Users/thadk/Documents/Unreal Projects/shawnfourtwenty/Intermediate/Shaders/WorkingDirectory/15736/).
[2021.04.19-03.56.54:937][  0]LogShaderCompilers: Cleaned the shader compiler working directory 'C:/Users/thadk/AppData/Local/Temp/UnrealShaderWorkingDir/97E2DC96451B79817C3054A10EBD07CE/'.
[2021.04.19-03.56.55:338][  0]LogTemp: Display: Loaded TP AllDesktopTargetPlatform
[2021.04.19-03.56.55:361][  0]LogTemp: Display: Loaded TP MacClientTargetPlatform
[2021.04.19-03.56.55:385][  0]LogTemp: Display: Loaded TP MacNoEditorTargetPlatform
[2021.04.19-03.56.55:409][  0]LogTemp: Display: Loaded TP MacServerTargetPlatform
[2021.04.19-03.56.55:434][  0]LogTemp: Display: Loaded TP MacTargetPlatform
[2021.04.19-03.56.55:458][  0]LogTemp: Display: Loaded TP WindowsClientTargetPlatform
[2021.04.19-03.56.55:481][  0]LogTemp: Display: Loaded TP WindowsNoEditorTargetPlatform
[2021.04.19-03.56.55:505][  0]LogTemp: Display: Loaded TP WindowsServerTargetPlatform
[2021.04.19-03.56.55:517][  0]LogTemp: Display: Loaded TP WindowsTargetPlatform
[2021.04.19-03.56.55:657][  0]LogTemp: Display: Loaded TP AndroidTargetPlatform
[2021.04.19-03.56.55:657][  0]LogTemp: Display: Loaded TP AndroidTargetPlatform
[2021.04.19-03.56.55:657][  0]LogTemp: Display: Loaded TP AndroidTargetPlatform
[2021.04.19-03.56.55:657][  0]LogTemp: Display: Loaded TP AndroidTargetPlatform
[2021.04.19-03.56.55:657][  0]LogTemp: Display: Loaded TP AndroidTargetPlatform
[2021.04.19-03.56.55:657][  0]LogTemp: Display: Loaded TP AndroidTargetPlatform
[2021.04.19-03.56.55:657][  0]LogTemp: Display: Loaded TP AndroidTargetPlatform
[2021.04.19-03.56.55:657][  0]LogTemp: Display: Loaded TP AndroidTargetPlatform
[2021.04.19-03.56.55:657][  0]LogTemp: Display: Loaded TP AndroidTargetPlatform
[2021.04.19-03.56.55:657][  0]LogTemp: Display: Loaded TP AndroidTargetPlatform
[2021.04.19-03.56.55:657][  0]LogTemp: Display: Loaded TP AndroidTargetPlatform
[2021.04.19-03.56.55:657][  0]LogTemp: Display: Loaded TP AndroidTargetPlatform
[2021.04.19-03.56.55:657][  0]LogTemp: Display: Loaded TP AndroidTargetPlatform
[2021.04.19-03.56.55:657][  0]LogTemp: Display: Loaded TP AndroidTargetPlatform
[2021.04.19-03.56.55:657][  0]LogTemp: Display: Loaded TP AndroidTargetPlatform
[2021.04.19-03.56.55:657][  0]LogTemp: Display: Loaded TP AndroidTargetPlatform
[2021.04.19-03.56.55:657][  0]LogTemp: Display: Loaded TP AndroidTargetPlatform
[2021.04.19-03.56.55:657][  0]LogTemp: Display: Loaded TP AndroidTargetPlatform
[2021.04.19-03.56.55:661][  0]LogTemp: Display: Loaded TP HTML5TargetPlatform
[2021.04.19-03.56.55:745][  0]LogTemp: Display: Loaded TP IOSTargetPlatform
[2021.04.19-03.56.55:745][  0]LogTemp: Display: Loaded TP IOSTargetPlatform
[2021.04.19-03.56.55:787][  0]LogTemp: Display: Loaded TP TVOSTargetPlatform
[2021.04.19-03.56.55:787][  0]LogTemp: Display: Loaded TP TVOSTargetPlatform
[2021.04.19-03.56.55:809][  0]LogTemp: Display: Loaded TP LinuxClientTargetPlatform
[2021.04.19-03.56.55:830][  0]LogTemp: Display: Loaded TP LinuxNoEditorTargetPlatform
[2021.04.19-03.56.55:852][  0]LogTemp: Display: Loaded TP LinuxServerTargetPlatform
[2021.04.19-03.56.55:877][  0]LogTemp: Display: Loaded TP LinuxTargetPlatform
[2021.04.19-03.56.55:891][  0]LogTemp: Display: Loaded TP LuminTargetPlatform
[2021.04.19-03.56.55:891][  0]LogTargetPlatformManager: Display: Building Assets For Windows
[2021.04.19-03.56.56:017][  0]LogXGEController: Cleaning working directory: C:/Users/thadk/AppData/Local/Temp/UnrealXGEWorkingDir/
[2021.04.19-03.56.56:017][  0]LogXGEController: Cannot use XGE Controller as Incredibuild is not installed on this machine.
[2021.04.19-03.56.56:017][  0]LogShaderCompilers: Cannot use XGE Shader Compiler as Incredibuild is not installed on this machine.
[2021.04.19-03.56.56:017][  0]LogShaderCompilers: Display: Using Local Shader Compiler.
[2021.04.19-03.56.57:232][  0]LogDerivedDataCache: Display: Max Cache Size: 512 MB
[2021.04.19-03.56.57:333][  0]LogDerivedDataCache: Loaded boot cache 0.10s 71MB C:/Users/thadk/AppData/Local/UnrealEngine/4.20/DerivedDataCache/Boot.ddc.
[2021.04.19-03.56.57:334][  0]LogDerivedDataCache: Display: Loaded Boot cache: C:/Users/thadk/AppData/Local/UnrealEngine/4.20/DerivedDataCache/Boot.ddc
[2021.04.19-03.56.57:334][  0]LogDerivedDataCache: FDerivedDataBackendGraph:  Pak pak cache file ../../../../../../Users/thadk/Documents/Unreal Projects/shawnfourtwenty/DerivedDataCache/DDC.ddp not found, will not use a pak cache.
[2021.04.19-03.56.57:334][  0]LogDerivedDataCache: Unable to find inner node Pak for hierarchical cache Hierarchy.
[2021.04.19-03.56.57:334][  0]LogDerivedDataCache: FDerivedDataBackendGraph:  CompressedPak pak cache file ../../../../../../Users/thadk/Documents/Unreal Projects/shawnfourtwenty/DerivedDataCache/Compressed.ddp not found, will not use a pak cache.
[2021.04.19-03.56.57:334][  0]LogDerivedDataCache: Unable to find inner node CompressedPak for hierarchical cache Hierarchy.
[2021.04.19-03.56.57:356][  0]LogDerivedDataCache: Display: Pak cache opened for reading ../../../Engine/DerivedDataCache/Compressed.ddp.
[2021.04.19-03.56.57:368][  0]LogDerivedDataCache: Using Local data cache path C:/Users/thadk/AppData/Local/UnrealEngine/Common/DerivedDataCache: Writable
[2021.04.19-03.56.57:368][  0]LogDerivedDataCache: Shared data cache path not found in *engine.ini, will not use an Shared cache.
[2021.04.19-03.56.57:368][  0]LogDerivedDataCache: Unable to find inner node Shared for hierarchical cache Hierarchy.
[2021.04.19-03.56.57:414][  0]LogMaterial: Verifying Global Shaders for PCD3D_SM5
[2021.04.19-03.56.57:416][  0]LogSlate: Using FreeType 2.6.0
[2021.04.19-03.56.57:417][  0]LogSlate: SlateFontServices - WITH_FREETYPE: 1, WITH_HARFBUZZ: 1
[2021.04.19-03.56.57:536][  0]LogAssetRegistry: FAssetRegistry took 0.0301 seconds to start up
[2021.04.19-03.56.58:091][  0]LogInit: Selected Device Profile: [Windows]
[2021.04.19-03.56.58:324][  0]LogSimplygon: Simplygon DLL not present - disabling.
[2021.04.19-03.56.58:330][  0]LogMeshReduction: Using SimplygonSwarm for distributed automatic mesh merging
[2021.04.19-03.56.58:330][  0]LogMeshReduction: Using ProxyLODMeshReduction for automatic mesh merging
[2021.04.19-03.56.58:330][  0]LogMeshReduction: Using QuadricMeshReduction for automatic static mesh reduction
[2021.04.19-03.56.58:330][  0]LogMeshReduction: No automatic skeletal mesh reduction module available
[2021.04.19-03.56.58:369][  0]LogNetVersion: shawnfourtwenty 1.0.0, NetCL: 4212847, EngineNetVer: 5, GameNetVer: 0 (Checksum: 3251857275)
[2021.04.19-03.56.59:080][  0]LogPackageLocalizationCache: Processed 11 localized package path(s) for 2 prioritized culture(s) in 0.078936 seconds
[2021.04.19-03.56.59:086][  0]LogUObjectArray: 38425 objects as part of root set at end of initial load.
[2021.04.19-03.56.59:086][  0]LogUObjectAllocator: 6690864 out of 0 bytes used by permanent object pool.
[2021.04.19-03.56.59:086][  0]LogUObjectArray: CloseDisregardForGC: 0/0 objects in disregard for GC pool
[2021.04.19-03.57.00:377][  0]LogTcpMessaging: Initializing TcpMessaging bridge
[2021.04.19-03.57.00:390][  0]LogUdpMessaging: Initializing bridge on interface 0.0.0.0:0 to multicast group 230.0.0.1:6666.
[2021.04.19-03.57.00:560][  0]SourceControl: Source control is disabled
[2021.04.19-03.57.00:561][  0]SourceControl: Source control is disabled
[2021.04.19-03.57.00:562][  0]SourceControl: Source control is disabled
[2021.04.19-03.57.00:563][  0]SourceControl: Source control is disabled
[2021.04.19-03.57.00:741][  0]LogAndroidPermission: UAndroidPermissionCallbackProxy::GetInstance
[2021.04.19-03.57.00:832][  0]LogOcInput: OculusInput pre-init called
[2021.04.19-03.57.00:909][  0]LogEngine: Initializing Engine...
[2021.04.19-03.57.00:910][  0]LogHMD: Failed to initialize OpenVR with code 110
[2021.04.19-03.57.00:912][  0]LogStats: UGameplayTagsManager::ConstructGameplayTagTree: ImportINI prefixes -  0.000 s
[2021.04.19-03.57.00:912][  0]LogStats: UGameplayTagsManager::ConstructGameplayTagTree: Construct from data asset -  0.000 s
[2021.04.19-03.57.00:912][  0]LogStats: UGameplayTagsManager::ConstructGameplayTagTree: ImportINI -  0.000 s
[2021.04.19-03.57.00:912][  0]LogStats: UGameplayTagsManager::ConstructGameplayTagTree: GameplayTagTreeChangedEvent.Broadcast -  0.000 s
[2021.04.19-03.57.01:225][  0]LogInit: Initializing FReadOnlyCVARCache
[2021.04.19-03.57.01:244][  0]LogAIModule: Creating AISystem for world Untitled
[2021.04.19-03.57.01:296][  0]LogInit: XAudio2 using 'Speakers / Headphones (Realtek Audio)' : 2 channels at 48 kHz using 32 bits per sample (channel mask 0x3)
[2021.04.19-03.57.01:555][  0]LogInit: FAudioDevice initialized.
[2021.04.19-03.57.01:556][  0]LogNetVersion: Set ProjectVersion to 1.0.0.0. Version Checksum will be recalculated on next use.
[2021.04.19-03.57.01:663][  0]LogDerivedDataCache: Saved boot cache 0.11s 71MB C:/Users/thadk/AppData/Local/UnrealEngine/4.20/DerivedDataCache/Boot.ddc.
[2021.04.19-03.57.01:672][  0]LogInit: Texture streaming: Enabled
[2021.04.19-03.57.01:698][  0]LogEngineSessionManager: EngineSessionManager initialized
[2021.04.19-03.57.01:720][  0]LogInit: Transaction tracking system initialized
[2021.04.19-03.57.01:761][  0]BlueprintLog: New page: Editor Load
[2021.04.19-03.57.01:888][  0]LocalizationService: Localization service is disabled
[2021.04.19-03.57.02:229][  0]LogCook: Display: Max memory allowance for cook 16384mb min free memory 0mb
[2021.04.19-03.57.02:229][  0]LogCook: Display: Mobile HDR setting 1
[2021.04.19-03.57.02:229][  0]LogGameplayTags: Display: UGameplayTagsManager::DoneAddingNativeTags. DelegateIsBound: 0
[2021.04.19-03.57.02:229][  0]LogStats: UGameplayTagsManager::ConstructGameplayTagTree: ImportINI prefixes -  0.000 s
[2021.04.19-03.57.02:229][  0]LogStats: UGameplayTagsManager::ConstructGameplayTagTree: Construct from data asset -  0.000 s
[2021.04.19-03.57.02:229][  0]LogStats: UGameplayTagsManager::ConstructGameplayTagTree: ImportINI -  0.000 s
[2021.04.19-03.57.02:229][  0]LogStats: UGameplayTagsManager::ConstructGameplayTagTree: GameplayTagTreeChangedEvent.Broadcast -  0.000 s
[2021.04.19-03.57.02:380][  0]LogFileCache: Scanning file cache for directory 'C:/Users/thadk/Documents/Unreal Projects/shawnfourtwenty/Content/' took 0.02s
[2021.04.19-03.57.02:380][  0]SourceControl: Source control is disabled
[2021.04.19-03.57.02:380][  0]Cmd: MAP LOAD FILE="../../../../../../Users/thadk/Documents/Unreal Projects/shawnfourtwenty/Content/SideScrollerBP/Maps/SideScrollerExampleMap.umap" TEMPLATE=0 SHOWPROGRESS=1 FEATURELEVEL=3
[2021.04.19-03.57.02:381][  0]LightingResults: New page: Lighting Build
[2021.04.19-03.57.02:385][  0]MapCheck: New page: Map Check
[2021.04.19-03.57.02:385][  0]LightingResults: New page: Lighting Build
[2021.04.19-03.57.03:030][  0]LogAIModule: Creating AISystem for world SideScrollerExampleMap
[2021.04.19-03.57.03:043][  0]LogEditorServer: Finished looking for orphan Actors (0.000 secs)
[2021.04.19-03.57.03:133][  0]Cmd: MAP CHECKDEP NOCLEARLOG
[2021.04.19-03.57.03:244][  0]MapCheck: Map check complete: 0 Error(s), 0 Warning(s), took 110.769ms to complete.
[2021.04.19-03.57.03:244][  0]LogFileHelpers: Loading map 'SideScrollerExampleMap' took 0.864
[2021.04.19-03.57.03:364][  0]LogSlate: Updating window title bar state: overlay mode, drag disabled, window buttons hidden, title bar hidden
[2021.04.19-03.57.03:378][  0]LogSlate: Updating window title bar state: overlay mode, drag disabled, window buttons hidden, title bar hidden
[2021.04.19-03.57.03:389][  0]LogSlate: Updating window title bar state: overlay mode, drag disabled, window buttons hidden, title bar hidden
[2021.04.19-03.57.03:400][  0]LogSlate: Updating window title bar state: overlay mode, drag disabled, window buttons hidden, title bar hidden
[2021.04.19-03.57.03:413][  0]LogCollectionManager: Loaded 0 collections in 0.005903 seconds
[2021.04.19-03.57.03:462][  0]LogFileCache: Scanning file cache for directory 'C:/Users/thadk/Documents/Unreal Projects/shawnfourtwenty/Saved/Collections/' took 0.01s
[2021.04.19-03.57.03:462][  0]LogFileCache: Scanning file cache for directory 'C:/Users/thadk/Documents/Unreal Projects/shawnfourtwenty/Content/Developers/thadk/Collections/' took 0.01s
[2021.04.19-03.57.03:462][  0]LogFileCache: Scanning file cache for directory 'C:/Users/thadk/Documents/Unreal Projects/shawnfourtwenty/Content/Collections/' took 0.01s
[2021.04.19-03.57.03:462][  0]LogCollectionManager: Rebuilt the GUID cache for 0 collections in 0.000000 seconds
[2021.04.19-03.57.03:475][  0]LogContentBrowser: Native class hierarchy populated in 0.0122 seconds. Added 2572 classes and 603 folders.
[2021.04.19-03.57.03:483][  0]LogContentBrowser: Native class hierarchy updated for 'WidgetCarousel' in 0.0002 seconds. Added 0 classes and 0 folders.
[2021.04.19-03.57.03:553][  0]LogContentBrowser: Native class hierarchy updated for 'AddContentDialog' in 0.0003 seconds. Added 0 classes and 0 folders.
[2021.04.19-03.57.03:560][  0]LogContentBrowser: Native class hierarchy updated for 'SceneOutliner' in 0.0003 seconds. Added 1 classes and 2 folders.
[2021.04.19-03.57.03:586][  0]LogSlate: Took 0.000368 seconds to synchronously load lazily loaded font '../../../Engine/Content/Slate/Fonts/Roboto-Regular.ttf' (155K)
[2021.04.19-03.57.03:591][  0]LogSlate: Took 0.000347 seconds to synchronously load lazily loaded font '../../../Engine/Content/Slate/Fonts/Roboto-Bold.ttf' (160K)
[2021.04.19-03.57.03:607][  0]LogSlate: Took 0.000443 seconds to synchronously load lazily loaded font '../../../Engine/Content/Editor/Slate/Fonts/FontAwesome.ttf' (139K)
[2021.04.19-03.57.03:713][  0]LogRenderer: Reallocating scene render targets to support 1208x576 Format 10 NumSamples 1 (Frame:1).
[2021.04.19-03.57.03:919][  0]LogContentBrowser: Native class hierarchy updated for 'HierarchicalLODOutliner' in 0.0004 seconds. Added 0 classes and 0 folders.
[2021.04.19-03.57.03:919][  0]LogLoad: (Engine Initialization) Total time: 14.00 seconds
[2021.04.19-03.57.03:919][  0]LogLoad: (Engine Initialization) Total Blueprint compile time: 0.00 seconds
[2021.04.19-03.57.03:951][  0]LogContentStreaming: Texture pool size now 1000 MB
[2021.04.19-03.57.03:968][  0]LogSlate: Took 0.000182 seconds to synchronously load lazily loaded font '../../../Engine/Content/Slate/Fonts/Roboto-Light.ttf' (167K)
[2021.04.19-03.57.04:005][  1]LogAssetRegistry: Asset discovery search completed in 6.4922 seconds
[2021.04.19-03.57.04:007][  1]LogCollectionManager: Rebuilt the object cache for 0 collections in 0.000001 seconds (found 0 objects)
[2021.04.19-03.57.04:007][  1]LogCollectionManager: Fixed up redirectors for 0 collections in 0.000067 seconds (updated 0 objects)
[2021.04.19-03.57.52:834][846]LogSlate: FSceneViewport::OnFocusLost() reason 0
[2021.04.19-03.57.54:660][ 64]LogSlate: FSceneViewport::OnFocusLost() reason 0
[2021.04.19-04.00.29:149][316]LogSlate: Took 0.000405 seconds to synchronously load lazily loaded font '../../../Engine/Content/Slate/Fonts/Roboto-Light.ttf' (167K)
[2021.04.19-04.00.29:165][316]LogMetaData: Removing '/Game/SideScrollerBP/Blueprints/Faceme.Faceme' ref from Metadata '/Game/SideScrollerBP/Blueprints/Facing.PackageMetaData'
[2021.04.19-04.00.29:195][316]LogSavePackage: Moving '../../../../../../Users/thadk/Documents/Unreal Projects/shawnfourtwenty/Saved/FacemeFF69D01D45933197F63C2E8A08261BB8.tmp' to '../../../../../../Users/thadk/Documents/Unreal Projects/shawnfourtwenty/Content/SideScrollerBP/Blueprints/Faceme.uasset'
[2021.04.19-04.00.40:708][628]LogSavePackage: Moving '../../../../../../Users/thadk/Documents/Unreal Projects/shawnfourtwenty/Saved/Faceme8D587D574672283FEE48C3B7EA0E8397.tmp' to '../../../../../../Users/thadk/Documents/Unreal Projects/shawnfourtwenty/Content/SideScrollerBP/Blueprints/Faceme.uasset'
[2021.04.19-04.00.57:369][744]LogAssetEditorManager: Opening Asset editor for UserDefinedEnum /Game/SideScrollerBP/Blueprints/Faceme.FaceMe
[2021.04.19-04.01.40:349][965]LogSavePackage: Moving '../../../../../../Users/thadk/Documents/Unreal Projects/shawnfourtwenty/Saved/Faceme870249B04DA06C131B130B83B0B68707.tmp' to '../../../../../../Users/thadk/Documents/Unreal Projects/shawnfourtwenty/Content/SideScrollerBP/Blueprints/Faceme.uasset'
[2021.04.19-04.01.44:110][185]LogAssetEditorManager: Opening Asset editor for Blueprint /Game/SideScrollerBP/Blueprints/SideScrollerCharacter.SideScrollerCharacter
[2021.04.19-04.01.44:812][185]LogContentBrowser: Native class hierarchy updated for 'BlueprintGraph' in 0.0010 seconds. Added 116 classes and 0 folders.
[2021.04.19-04.01.46:225][185]LogSlate: Took 0.010294 seconds to synchronously load lazily loaded font '../../../Engine/Content/Slate/Fonts/Roboto-BoldCondensed.ttf' (158K)
[2021.04.19-04.01.46:368][186]LogSlate: Took 0.009944 seconds to synchronously load lazily loaded font '../../../Engine/Content/Slate/Fonts/Roboto-Italic.ttf' (157K)
[2021.04.19-04.03.49:929][337]LogSlate: Took 0.018390 seconds to synchronously load lazily loaded font '../../../Engine/Content/Slate/Fonts/Roboto-BoldCondensedItalic.ttf' (160K)
[2021.04.19-04.04.08:473][345]LogSavePackage: Moving '../../../../../../Users/thadk/Documents/Unreal Projects/shawnfourtwenty/Saved/SideScrollerCharacter408662D34BD70C64B8927AAB4B47013C.tmp' to '../../../../../../Users/thadk/Documents/Unreal Projects/shawnfourtwenty/Content/SideScrollerBP/Blueprints/SideScrollerCharacter.uasset'
[2021.04.19-04.04.09:075][407]BlueprintLog: New page: Compile SideScrollerCharacter
[2021.04.19-04.04.09:091][407]LogUObjectGlobals: Warning: Guid referenced by CapsuleComponent /Game/SideScrollerBP/Maps/SideScrollerExampleMap.SideScrollerExampleMap:PersistentLevel.SideScrollerCharacter_78.CollisionCylinder is already used by CapsuleComponent /Game/SideScrollerBP/Maps/SideScrollerExampleMap.SideScrollerExampleMap:PersistentLevel.REINST_SideScrollerCharacter_C_0.CollisionCylinder, which should never happen in the editor but could happen at runtime with duplicate level loading or PIE
[2021.04.19-04.04.09:092][407]LogUObjectGlobals: Warning: Guid referenced by ArrowComponent /Game/SideScrollerBP/Maps/SideScrollerExampleMap.SideScrollerExampleMap:PersistentLevel.SideScrollerCharacter_78.Arrow is already used by ArrowComponent /Game/SideScrollerBP/Maps/SideScrollerExampleMap.SideScrollerExampleMap:PersistentLevel.REINST_SideScrollerCharacter_C_0.Arrow, which should never happen in the editor but could happen at runtime with duplicate level loading or PIE
[2021.04.19-04.04.09:092][407]LogUObjectGlobals: Warning: Guid referenced by CharacterMovementComponent /Game/SideScrollerBP/Maps/SideScrollerExampleMap.SideScrollerExampleMap:PersistentLevel.SideScrollerCharacter_78.CharMoveComp is already used by CharacterMovementComponent /Game/SideScrollerBP/Maps/SideScrollerExampleMap.SideScrollerExampleMap:PersistentLevel.REINST_SideScrollerCharacter_C_0.CharMoveComp, which should never happen in the editor but could happen at runtime with duplicate level loading or PIE
[2021.04.19-04.04.09:092][407]LogUObjectGlobals: Warning: Guid referenced by SkeletalMeshComponent /Game/SideScrollerBP/Maps/SideScrollerExampleMap.SideScrollerExampleMap:PersistentLevel.SideScrollerCharacter_78.CharacterMesh0 is already used by SkeletalMeshComponent /Game/SideScrollerBP/Maps/SideScrollerExampleMap.SideScrollerExampleMap:PersistentLevel.REINST_SideScrollerCharacter_C_0.CharacterMesh0, which should never happen in the editor but could happen at runtime with duplicate level loading or PIE
[2021.04.19-04.07.04:445][438]LogSavePackage: Moving '../../../../../../Users/thadk/Documents/Unreal Projects/shawnfourtwenty/Saved/SideScrollerExampleMap_Auto112868FB949F47B7E9AC904BD843CD0D5.tmp' to '../../../../../../Users/thadk/Documents/Unreal Projects/shawnfourtwenty/Saved/Autosaves/Game/SideScrollerBP/Maps/SideScrollerExampleMap_Auto1.umap'
[2021.04.19-04.07.04:451][438]LogFileHelpers: Editor autosave (incl. sublevels) for '/Game/SideScrollerBP/Maps/SideScrollerExampleMap' took 0.372
[2021.04.19-04.07.04:451][438]LogFileHelpers: Editor autosave (incl. sublevels) for all levels took 0.372
[2021.04.19-04.07.04:454][438]OBJ SavePackage: Generating thumbnails for [1] asset(s) in package [/Game/SideScrollerBP/Blueprints/SideScrollerCharacter] ([1] browsable assets)...
[2021.04.19-04.07.04:484][438]OBJ SavePackage:     Rendered thumbnail for [Blueprint /Game/SideScrollerBP/Blueprints/SideScrollerCharacter.SideScrollerCharacter]
[2021.04.19-04.07.04:484][438]OBJ SavePackage: Finished generating thumbnails for package [/Game/SideScrollerBP/Blueprints/SideScrollerCharacter]
[2021.04.19-04.07.04:545][438]LogSavePackage: Moving '../../../../../../Users/thadk/Documents/Unreal Projects/shawnfourtwenty/Saved/SideScrollerCharacter_Auto148DDE6F24030C54639F3C989A5AFC82E.tmp' to '../../../../../../Users/thadk/Documents/Unreal Projects/shawnfourtwenty/Saved/Autosaves/Game/SideScrollerBP/Blueprints/SideScrollerCharacter_Auto1.uasset'
[2021.04.19-04.07.04:547][438]LogFileHelpers: Auto-saving content packages took 0.094
[2021.04.19-04.16.18:652][332]LogSavePackage: Moving '../../../../../../Users/thadk/Documents/Unreal Projects/shawnfourtwenty/Saved/SideScrollerCharacterCE354B004399D22671D32DB0AB9DC9CD.tmp' to '../../../../../../Users/thadk/Documents/Unreal Projects/shawnfourtwenty/Content/SideScrollerBP/Blueprints/SideScrollerCharacter.uasset'
[2021.04.19-04.16.19:485][424]BlueprintLog: New page: Compile SideScrollerCharacter
[2021.04.19-04.17.32:795][361]LogSavePackage: Moving '../../../../../../Users/thadk/Documents/Unreal Projects/shawnfourtwenty/Saved/SideScrollerExampleMap_Auto255831E70439E83F2D7D28AAB284713DF.tmp' to '../../../../../../Users/thadk/Documents/Unreal Projects/shawnfourtwenty/Saved/Autosaves/Game/SideScrollerBP/Maps/SideScrollerExampleMap_Auto2.umap'
[2021.04.19-04.17.32:801][361]LogFileHelpers: Editor autosave (incl. sublevels) for '/Game/SideScrollerBP/Maps/SideScrollerExampleMap' took 0.358
[2021.04.19-04.17.32:801][361]LogFileHelpers: Editor autosave (incl. sublevels) for all levels took 0.358
[2021.04.19-04.17.32:804][361]OBJ SavePackage: Generating thumbnails for [1] asset(s) in package [/Game/SideScrollerBP/Blueprints/SideScrollerCharacter] ([1] browsable assets)...
[2021.04.19-04.17.32:833][361]OBJ SavePackage:     Rendered thumbnail for [Blueprint /Game/SideScrollerBP/Blueprints/SideScrollerCharacter.SideScrollerCharacter]
[2021.04.19-04.17.32:833][361]OBJ SavePackage: Finished generating thumbnails for package [/Game/SideScrollerBP/Blueprints/SideScrollerCharacter]
[2021.04.19-04.17.32:874][361]LogSavePackage: Moving '../../../../../../Users/thadk/Documents/Unreal Projects/shawnfourtwenty/Saved/SideScrollerCharacter_Auto2D9564A974F8873791846F6BFAFB40BB3.tmp' to '../../../../../../Users/thadk/Documents/Unreal Projects/shawnfourtwenty/Saved/Autosaves/Game/SideScrollerBP/Blueprints/SideScrollerCharacter_Auto2.uasset'
[2021.04.19-04.17.32:876][361]LogFileHelpers: Auto-saving content packages took 0.073
[2021.04.19-04.22.50:690][212]LogTexture: Display: Building textures: T_ky_flare_a (AutoDXT, 512X512)
[2021.04.19-04.22.50:691][212]LogTexture: Display: Building textures: ThumbnailTexture (DXT1, 512X512)
[2021.04.19-04.22.50:691][212]LogTexture: Display: Building textures: T_ky_noise6 (AutoDXT, 1024X1024)
[2021.04.19-04.22.50:691][212]LogMaterial: Display: Missing cached shader map for material M_ky_flare_flash, compiling. 
[2021.04.19-04.22.51:125][212]LogShaderCompilers: Display: Shaders left to compile 35
[2021.04.19-04.22.51:125][212]LogShaderCompilers: Display: Shaders left to compile 25
[2021.04.19-04.22.51:125][212]LogShaderCompilers: Display: Shaders left to compile 15
[2021.04.19-04.22.51:125][212]LogShaderCompilers: Display: Shaders left to compile 5
[2021.04.19-04.22.51:126][212]LogTexture: Display: Building textures: T_ky_smoke1 (DXT1, 2048X2048)
[2021.04.19-04.22.51:126][212]LogMaterial: Display: Missing cached shader map for material M_ky_smoke01, compiling. 
[2021.04.19-04.22.51:148][212]LogShaderCompilers: Display: Shaders left to compile 27
[2021.04.19-04.22.51:148][212]LogShaderCompilers: Display: Shaders left to compile 17
[2021.04.19-04.22.51:148][212]LogShaderCompilers: Display: Shaders left to compile 7
[2021.04.19-04.22.51:148][212]LogMaterial: Display: Missing cached shader map for material M_ky_flare_flash, compiling. 
[2021.04.19-04.22.51:178][212]LogShaderCompilers: Display: Shaders left to compile 35
[2021.04.19-04.22.51:178][212]LogShaderCompilers: Display: Shaders left to compile 25
[2021.04.19-04.22.51:178][212]LogShaderCompilers: Display: Shaders left to compile 15
[2021.04.19-04.22.51:178][212]LogShaderCompilers: Display: Shaders left to compile 5
[2021.04.19-04.23.04:635][350]LogSlate: Window 'Save Content' being destroyed
[2021.04.19-04.23.04:766][350]LogSavePackage: Moving '../../../../../../Users/thadk/Documents/Unreal Projects/shawnfourtwenty/Saved/SideScrollerCharacter687DB6424910B316A9180BAA4675553D.tmp' to '../../../../../../Users/thadk/Documents/Unreal Projects/shawnfourtwenty/Content/SideScrollerBP/Blueprints/SideScrollerCharacter.uasset'
[2021.04.19-04.23.05:424][350]LogSavePackage: Moving '../../../../../../Users/thadk/Documents/Unreal Projects/shawnfourtwenty/Saved/SideScrollerExampleMapE7F2D2574F342CE1DF2D6EBD1A43953A.tmp' to '../../../../../../Users/thadk/Documents/Unreal Projects/shawnfourtwenty/Content/SideScrollerBP/Maps/SideScrollerExampleMap.umap'
[2021.04.19-04.23.05:453][350]LogFileHelpers: Saving map 'SideScrollerExampleMap' took 0.676
[2021.04.19-04.23.12:029][896]LogAssetEditorManager: Opening Asset editor for SkeletalMesh /Game/Mannequin/Character/Mesh/SK_Mannequin.SK_Mannequin
[2021.04.19-04.23.12:042][896]LogContentBrowser: Native class hierarchy updated for 'SkeletonEditor' in 0.0005 seconds. Added 1 classes and 2 folders.
[2021.04.19-04.23.12:474][896]LogActorComponent: RegisterComponentWithWorld: (/Engine/Transient.World_4:PersistentLevel.AnimationEditorPreviewActor_0.DebugSkelMeshComponent_0) Already registered. Aborting.
[2021.04.19-04.23.12:482][896]LogContentBrowser: Native class hierarchy updated for 'PinnedCommandList' in 0.0004 seconds. Added 1 classes and 0 folders.
[2021.04.19-04.23.12:531][896]LogSkeletalMesh: USkeletalMeshComponent::InitArticulated : Bodies already created (/Engine/Transient.World_4:PersistentLevel.AnimationEditorPreviewActor_0.DebugSkelMeshComponent_0) - call TermArticulated first.
[2021.04.19-04.23.13:054][896]LogContentBrowser: Native class hierarchy updated for 'ClothingSystemEditorInterface' in 0.0004 seconds. Added 1 classes and 0 folders.
[2021.04.19-04.23.13:058][897]LogRenderer: Reallocating scene render targets to support 1208x700 Format 10 NumSamples 1 (Frame:1).
[2021.04.19-04.23.21:655][646]LogSlate: FSceneViewport::OnFocusLost() reason 0
[2021.04.19-04.23.21:787][659]LogAssetEditorManager: Opening Asset editor for Skeleton /Game/Mannequin/Character/Mesh/UE4_Mannequin_Skeleton.UE4_Mannequin_Skeleton
[2021.04.19-04.23.21:796][659]LogActorComponent: RegisterComponentWithWorld: (/Engine/Transient.World_8:PersistentLevel.AnimationEditorPreviewActor_0.DebugSkelMeshComponent_0) Already registered. Aborting.
[2021.04.19-04.23.21:824][659]LogSkeletalMesh: USkeletalMeshComponent::InitArticulated : Bodies already created (/Engine/Transient.World_8:PersistentLevel.AnimationEditorPreviewActor_0.DebugSkelMeshComponent_0) - call TermArticulated first.
[2021.04.19-04.23.39:550][554]LogSlate: FSceneViewport::OnFocusLost() reason 2
[2021.04.19-04.24.12:333][899]LogTexture: Display: Building textures: ThumbnailTexture (DXT1, 512X512)
[2021.04.19-04.24.15:585][199]LogSavePackage: Moving '../../../../../../Users/thadk/Documents/Unreal Projects/shawnfourtwenty/Saved/SideScrollerCharacter3FB36DA74056569E49071E818F174623.tmp' to '../../../../../../Users/thadk/Documents/Unreal Projects/shawnfourtwenty/Content/SideScrollerBP/Blueprints/SideScrollerCharacter.uasset'
[2021.04.19-04.24.16:219][257]BlueprintLog: New page: Compile SideScrollerCharacter
[2021.04.19-04.26.27:926][219]LogSavePackage: Moving '../../../../../../Users/thadk/Documents/Unreal Projects/shawnfourtwenty/Saved/SideScrollerCharacterB672685B4FA7C96264E30A9ADAA31F35.tmp' to '../../../../../../Users/thadk/Documents/Unreal Projects/shawnfourtwenty/Content/SideScrollerBP/Blueprints/SideScrollerCharacter.uasset'
[2021.04.19-04.26.28:321][260]BlueprintLog: New page: Compile SideScrollerCharacter
[2021.04.19-04.27.00:725][  2]BlueprintLog: New page: Compile SideScrollerCharacter
[2021.04.19-04.27.01:746][ 58]LogSavePackage: Moving '../../../../../../Users/thadk/Documents/Unreal Projects/shawnfourtwenty/Saved/SideScrollerCharacter2D5E5F36415BF0CCA4538C8602E8D367.tmp' to '../../../../../../Users/thadk/Documents/Unreal Projects/shawnfourtwenty/Content/SideScrollerBP/Blueprints/SideScrollerCharacter.uasset'
[2021.04.19-04.27.05:471][397]LogTemp: Repeating last play command: Selected Viewport
[2021.04.19-04.27.05:494][397]LogBlueprintUserMessages: Early PlayInEditor Detection: Level '/Game/SideScrollerBP/Maps/SideScrollerExampleMap.SideScrollerExampleMap:PersistentLevel' has LevelScriptBlueprint '/Game/SideScrollerBP/Maps/SideScrollerExampleMap.SideScrollerExampleMap:PersistentLevel.SideScrollerExampleMap' with GeneratedClass '/Game/SideScrollerBP/Maps/SideScrollerExampleMap.SideScrollerExampleMap_C' with ClassGeneratedBy '/Game/SideScrollerBP/Maps/SideScrollerExampleMap.SideScrollerExampleMap:PersistentLevel.SideScrollerExampleMap'
[2021.04.19-04.27.05:495][397]LogPlayLevel: PlayLevel: No blueprints needed recompiling
[2021.04.19-04.27.05:510][397]PIE: New page: PIE session: SideScrollerExampleMap (Apr 18, 2021, 8:27:05 PM)
[2021.04.19-04.27.05:510][397]LogPlayLevel: Creating play world package: /Game/SideScrollerBP/Maps/UEDPIE_0_SideScrollerExampleMap
[2021.04.19-04.27.05:530][397]LogPlayLevel: PIE: StaticDuplicateObject took: (0.019077s)
[2021.04.19-04.27.05:531][397]LogAIModule: Creating AISystem for world SideScrollerExampleMap
[2021.04.19-04.27.05:531][397]LogPlayLevel: PIE: World Init took: (0.001436s)
[2021.04.19-04.27.05:531][397]LogPlayLevel: PIE: Created PIE world by copying editor world from /Game/SideScrollerBP/Maps/SideScrollerExampleMap.SideScrollerExampleMap to /Game/SideScrollerBP/Maps/UEDPIE_0_SideScrollerExampleMap.SideScrollerExampleMap (0.020825s)
[2021.04.19-04.27.05:618][397]LogInit: XAudio2 using 'Speakers / Headphones (Realtek Audio)' : 2 channels at 48 kHz using 32 bits per sample (channel mask 0x3)
[2021.04.19-04.27.05:660][397]LogInit: FAudioDevice initialized.
[2021.04.19-04.27.05:719][397]LogLoad: Game class is 'SideScrollerGameMode_C'
[2021.04.19-04.27.05:722][397]LogWorld: Bringing World /Game/SideScrollerBP/Maps/UEDPIE_0_SideScrollerExampleMap.SideScrollerExampleMap up for play (max tick rate 0) at 2021.04.19-00.27.05
[2021.04.19-04.27.05:722][397]LogWorld: Bringing up level for play took: 0.002202
[2021.04.19-04.27.05:749][397]LogContentBrowser: Native class hierarchy updated for 'MovieSceneCapture' in 0.0004 seconds. Added 10 classes and 0 folders.
[2021.04.19-04.27.05:750][397]PIE: Play in editor start time for /Game/SideScrollerBP/Maps/UEDPIE_0_SideScrollerExampleMap 0.167
[2021.04.19-04.27.05:750][397]LogBlueprintUserMessages: Late PlayInEditor Detection: Level '/Game/SideScrollerBP/Maps/SideScrollerExampleMap.SideScrollerExampleMap:PersistentLevel' has LevelScriptBlueprint '/Game/SideScrollerBP/Maps/SideScrollerExampleMap.SideScrollerExampleMap:PersistentLevel.SideScrollerExampleMap' with GeneratedClass '/Game/SideScrollerBP/Maps/SideScrollerExampleMap.SideScrollerExampleMap_C' with ClassGeneratedBy '/Game/SideScrollerBP/Maps/SideScrollerExampleMap.SideScrollerExampleMap:PersistentLevel.SideScrollerExampleMap'
[2021.04.19-04.27.09:685][806]LogBlueprintUserMessages: Early EndPlayMap Detection: Level '/Game/SideScrollerBP/Maps/SideScrollerExampleMap.SideScrollerExampleMap:PersistentLevel' has LevelScriptBlueprint '/Game/SideScrollerBP/Maps/SideScrollerExampleMap.SideScrollerExampleMap:PersistentLevel.SideScrollerExampleMap' with GeneratedClass '/Game/SideScrollerBP/Maps/SideScrollerExampleMap.SideScrollerExampleMap_C' with ClassGeneratedBy '/Game/SideScrollerBP/Maps/SideScrollerExampleMap.SideScrollerExampleMap:PersistentLevel.SideScrollerExampleMap'
[2021.04.19-04.27.09:686][806]LogSlate: Updating window title bar state: overlay mode, drag disabled, window buttons hidden, title bar hidden
[2021.04.19-04.27.09:732][806]LogPlayLevel: Display: Shutting down PIE online subsystems
[2021.04.19-04.27.09:732][806]LogBlueprintUserMessages: Late EndPlayMap Detection: Level '/Game/SideScrollerBP/Maps/SideScrollerExampleMap.SideScrollerExampleMap:PersistentLevel' has LevelScriptBlueprint '/Game/SideScrollerBP/Maps/SideScrollerExampleMap.SideScrollerExampleMap:PersistentLevel.SideScrollerExampleMap' with GeneratedClass '/Game/SideScrollerBP/Maps/SideScrollerExampleMap.SideScrollerExampleMap_C' with ClassGeneratedBy '/Game/SideScrollerBP/Maps/SideScrollerExampleMap.SideScrollerExampleMap:PersistentLevel.SideScrollerExampleMap'
[2021.04.19-04.27.09:808][806]LogSlate: Updating window title bar state: overlay mode, drag disabled, window buttons hidden, title bar hidden
[2021.04.19-04.27.09:890][807]LogPlayLevel: Display: Destroying online subsystem :Context_10
[2021.04.19-04.27.10:886][915]LogSlate: FSceneViewport::OnFocusLost() reason 0
[2021.04.19-04.27.36:788][904]LogSavePackage: Moving '../../../../../../Users/thadk/Documents/Unreal Projects/shawnfourtwenty/Saved/SideScrollerCharacter5AA4B60E47407D94F6CB0183BBB6BA0D.tmp' to '../../../../../../Users/thadk/Documents/Unreal Projects/shawnfourtwenty/Content/SideScrollerBP/Blueprints/SideScrollerCharacter.uasset'
[2021.04.19-04.27.37:459][969]BlueprintLog: New page: Compile SideScrollerCharacter
[2021.04.19-04.27.40:410][148]LogTemp: Repeating last play command: Selected Viewport
[2021.04.19-04.27.40:433][148]LogBlueprintUserMessages: Early PlayInEditor Detection: Level '/Game/SideScrollerBP/Maps/SideScrollerExampleMap.SideScrollerExampleMap:PersistentLevel' has LevelScriptBlueprint '/Game/SideScrollerBP/Maps/SideScrollerExampleMap.SideScrollerExampleMap:PersistentLevel.SideScrollerExampleMap' with GeneratedClass '/Game/SideScrollerBP/Maps/SideScrollerExampleMap.SideScrollerExampleMap_C' with ClassGeneratedBy '/Game/SideScrollerBP/Maps/SideScrollerExampleMap.SideScrollerExampleMap:PersistentLevel.SideScrollerExampleMap'
[2021.04.19-04.27.40:433][148]LogPlayLevel: PlayLevel: No blueprints needed recompiling
[2021.04.19-04.27.40:434][148]PIE: New page: PIE session: SideScrollerExampleMap (Apr 18, 2021, 8:27:40 PM)
[2021.04.19-04.27.40:434][148]LogPlayLevel: Creating play world package: /Game/SideScrollerBP/Maps/UEDPIE_0_SideScrollerExampleMap
[2021.04.19-04.27.40:456][148]LogPlayLevel: PIE: StaticDuplicateObject took: (0.021736s)
[2021.04.19-04.27.40:456][148]LogAIModule: Creating AISystem for world SideScrollerExampleMap
[2021.04.19-04.27.40:457][148]LogPlayLevel: PIE: World Init took: (0.001152s)
[2021.04.19-04.27.40:457][148]LogPlayLevel: PIE: Created PIE world by copying editor world from /Game/SideScrollerBP/Maps/SideScrollerExampleMap.SideScrollerExampleMap to /Game/SideScrollerBP/Maps/UEDPIE_0_SideScrollerExampleMap.SideScrollerExampleMap (0.023102s)
[2021.04.19-04.27.40:545][148]LogInit: XAudio2 using 'Speakers / Headphones (Realtek Audio)' : 2 channels at 48 kHz using 32 bits per sample (channel mask 0x3)
[2021.04.19-04.27.40:583][148]LogInit: FAudioDevice initialized.
[2021.04.19-04.27.40:617][148]LogLoad: Game class is 'SideScrollerGameMode_C'
[2021.04.19-04.27.40:622][148]LogWorld: Bringing World /Game/SideScrollerBP/Maps/UEDPIE_0_SideScrollerExampleMap.SideScrollerExampleMap up for play (max tick rate 0) at 2021.04.19-00.27.40
[2021.04.19-04.27.40:622][148]LogWorld: Bringing up level for play took: 0.003652
[2021.04.19-04.27.40:636][148]PIE: Play in editor start time for /Game/SideScrollerBP/Maps/UEDPIE_0_SideScrollerExampleMap 1.053
[2021.04.19-04.27.40:636][148]LogBlueprintUserMessages: Late PlayInEditor Detection: Level '/Game/SideScrollerBP/Maps/SideScrollerExampleMap.SideScrollerExampleMap:PersistentLevel' has LevelScriptBlueprint '/Game/SideScrollerBP/Maps/SideScrollerExampleMap.SideScrollerExampleMap:PersistentLevel.SideScrollerExampleMap' with GeneratedClass '/Game/SideScrollerBP/Maps/SideScrollerExampleMap.SideScrollerExampleMap_C' with ClassGeneratedBy '/Game/SideScrollerBP/Maps/SideScrollerExampleMap.SideScrollerExampleMap:PersistentLevel.SideScrollerExampleMap'
[2021.04.19-04.27.46:593][756]LogBlueprintUserMessages: Early EndPlayMap Detection: Level '/Game/SideScrollerBP/Maps/SideScrollerExampleMap.SideScrollerExampleMap:PersistentLevel' has LevelScriptBlueprint '/Game/SideScrollerBP/Maps/SideScrollerExampleMap.SideScrollerExampleMap:PersistentLevel.SideScrollerExampleMap' with GeneratedClass '/Game/SideScrollerBP/Maps/SideScrollerExampleMap.SideScrollerExampleMap_C' with ClassGeneratedBy '/Game/SideScrollerBP/Maps/SideScrollerExampleMap.SideScrollerExampleMap:PersistentLevel.SideScrollerExampleMap'
[2021.04.19-04.27.46:594][756]LogSlate: Updating window title bar state: overlay mode, drag disabled, window buttons hidden, title bar hidden
[2021.04.19-04.27.46:640][756]LogPlayLevel: Display: Shutting down PIE online subsystems
[2021.04.19-04.27.46:640][756]LogBlueprintUserMessages: Late EndPlayMap Detection: Level '/Game/SideScrollerBP/Maps/SideScrollerExampleMap.SideScrollerExampleMap:PersistentLevel' has LevelScriptBlueprint '/Game/SideScrollerBP/Maps/SideScrollerExampleMap.SideScrollerExampleMap:PersistentLevel.SideScrollerExampleMap' with GeneratedClass '/Game/SideScrollerBP/Maps/SideScrollerExampleMap.SideScrollerExampleMap_C' with ClassGeneratedBy '/Game/SideScrollerBP/Maps/SideScrollerExampleMap.SideScrollerExampleMap:PersistentLevel.SideScrollerExampleMap'
[2021.04.19-04.27.46:708][756]LogSlate: Updating window title bar state: overlay mode, drag disabled, window buttons hidden, title bar hidden
[2021.04.19-04.27.46:798][757]LogPlayLevel: Display: Destroying online subsystem :Context_11
[2021.04.19-04.27.51:656][155]LogSlate: FSceneViewport::OnFocusLost() reason 0
[2021.04.19-04.28.04:535][494]LogSavePackage: Moving '../../../../../../Users/thadk/Documents/Unreal Projects/shawnfourtwenty/Saved/SideScrollerCharacterFF67D165406B0D688A97D682B2C421B8.tmp' to '../../../../../../Users/thadk/Documents/Unreal Projects/shawnfourtwenty/Content/SideScrollerBP/Blueprints/SideScrollerCharacter.uasset'
[2021.04.19-04.28.04:964][538]BlueprintLog: New page: Compile SideScrollerCharacter
[2021.04.19-04.28.07:423][683]LogTemp: Repeating last play command: Selected Viewport
[2021.04.19-04.28.07:452][683]LogBlueprintUserMessages: Early PlayInEditor Detection: Level '/Game/SideScrollerBP/Maps/SideScrollerExampleMap.SideScrollerExampleMap:PersistentLevel' has LevelScriptBlueprint '/Game/SideScrollerBP/Maps/SideScrollerExampleMap.SideScrollerExampleMap:PersistentLevel.SideScrollerExampleMap' with GeneratedClass '/Game/SideScrollerBP/Maps/SideScrollerExampleMap.SideScrollerExampleMap_C' with ClassGeneratedBy '/Game/SideScrollerBP/Maps/SideScrollerExampleMap.SideScrollerExampleMap:PersistentLevel.SideScrollerExampleMap'
[2021.04.19-04.28.07:452][683]LogPlayLevel: PlayLevel: No blueprints needed recompiling
[2021.04.19-04.28.07:452][683]PIE: New page: PIE session: SideScrollerExampleMap (Apr 18, 2021, 8:28:07 PM)
[2021.04.19-04.28.07:452][683]LogPlayLevel: Creating play world package: /Game/SideScrollerBP/Maps/UEDPIE_0_SideScrollerExampleMap
[2021.04.19-04.28.07:474][683]LogPlayLevel: PIE: StaticDuplicateObject took: (0.021373s)
[2021.04.19-04.28.07:475][683]LogAIModule: Creating AISystem for world SideScrollerExampleMap
[2021.04.19-04.28.07:476][683]LogPlayLevel: PIE: World Init took: (0.001583s)
[2021.04.19-04.28.07:476][683]LogPlayLevel: PIE: Created PIE world by copying editor world from /Game/SideScrollerBP/Maps/SideScrollerExampleMap.SideScrollerExampleMap to /Game/SideScrollerBP/Maps/UEDPIE_0_SideScrollerExampleMap.SideScrollerExampleMap (0.023343s)
[2021.04.19-04.28.07:560][683]LogInit: XAudio2 using 'Speakers / Headphones (Realtek Audio)' : 2 channels at 48 kHz using 32 bits per sample (channel mask 0x3)
[2021.04.19-04.28.07:596][683]LogInit: FAudioDevice initialized.
[2021.04.19-04.28.07:625][683]LogLoad: Game class is 'SideScrollerGameMode_C'
[2021.04.19-04.28.07:628][683]LogWorld: Bringing World /Game/SideScrollerBP/Maps/UEDPIE_0_SideScrollerExampleMap.SideScrollerExampleMap up for play (max tick rate 0) at 2021.04.19-00.28.07
[2021.04.19-04.28.07:629][683]LogWorld: Bringing up level for play took: 0.002226
[2021.04.19-04.28.07:642][683]PIE: Play in editor start time for /Game/SideScrollerBP/Maps/UEDPIE_0_SideScrollerExampleMap 0.059
[2021.04.19-04.28.07:642][683]LogBlueprintUserMessages: Late PlayInEditor Detection: Level '/Game/SideScrollerBP/Maps/SideScrollerExampleMap.SideScrollerExampleMap:PersistentLevel' has LevelScriptBlueprint '/Game/SideScrollerBP/Maps/SideScrollerExampleMap.SideScrollerExampleMap:PersistentLevel.SideScrollerExampleMap' with GeneratedClass '/Game/SideScrollerBP/Maps/SideScrollerExampleMap.SideScrollerExampleMap_C' with ClassGeneratedBy '/Game/SideScrollerBP/Maps/SideScrollerExampleMap.SideScrollerExampleMap:PersistentLevel.SideScrollerExampleMap'
[2021.04.19-04.28.13:230][273]LogBlueprintUserMessages: Early EndPlayMap Detection: Level '/Game/SideScrollerBP/Maps/SideScrollerExampleMap.SideScrollerExampleMap:PersistentLevel' has LevelScriptBlueprint '/Game/SideScrollerBP/Maps/SideScrollerExampleMap.SideScrollerExampleMap:PersistentLevel.SideScrollerExampleMap' with GeneratedClass '/Game/SideScrollerBP/Maps/SideScrollerExampleMap.SideScrollerExampleMap_C' with ClassGeneratedBy '/Game/SideScrollerBP/Maps/SideScrollerExampleMap.SideScrollerExampleMap:PersistentLevel.SideScrollerExampleMap'
[2021.04.19-04.28.13:230][273]LogSlate: Updating window title bar state: overlay mode, drag disabled, window buttons hidden, title bar hidden
[2021.04.19-04.28.13:277][273]LogPlayLevel: Display: Shutting down PIE online subsystems
[2021.04.19-04.28.13:277][273]LogBlueprintUserMessages: Late EndPlayMap Detection: Level '/Game/SideScrollerBP/Maps/SideScrollerExampleMap.SideScrollerExampleMap:PersistentLevel' has LevelScriptBlueprint '/Game/SideScrollerBP/Maps/SideScrollerExampleMap.SideScrollerExampleMap:PersistentLevel.SideScrollerExampleMap' with GeneratedClass '/Game/SideScrollerBP/Maps/SideScrollerExampleMap.SideScrollerExampleMap_C' with ClassGeneratedBy '/Game/SideScrollerBP/Maps/SideScrollerExampleMap.SideScrollerExampleMap:PersistentLevel.SideScrollerExampleMap'
[2021.04.19-04.28.13:346][273]LogSlate: Updating window title bar state: overlay mode, drag disabled, window buttons hidden, title bar hidden
[2021.04.19-04.28.13:433][274]LogPlayLevel: Display: Destroying online subsystem :Context_12
[2021.04.19-04.28.17:692][641]LogSlate: FSceneViewport::OnFocusLost() reason 0
[2021.04.19-04.31.32:939][303]LogSavePackage: Moving '../../../../../../Users/thadk/Documents/Unreal Projects/shawnfourtwenty/Saved/SideScrollerCharacter8D6C562F4F541D687DC3579404473AC8.tmp' to '../../../../../../Users/thadk/Documents/Unreal Projects/shawnfourtwenty/Content/SideScrollerBP/Blueprints/SideScrollerCharacter.uasset'
[2021.04.19-04.31.33:583][367]BlueprintLog: New page: Compile SideScrollerCharacter
[2021.04.19-04.31.38:543][799]LogTemp: Repeating last play command: Selected Viewport
[2021.04.19-04.31.38:564][799]LogBlueprintUserMessages: Early PlayInEditor Detection: Level '/Game/SideScrollerBP/Maps/SideScrollerExampleMap.SideScrollerExampleMap:PersistentLevel' has LevelScriptBlueprint '/Game/SideScrollerBP/Maps/SideScrollerExampleMap.SideScrollerExampleMap:PersistentLevel.SideScrollerExampleMap' with GeneratedClass '/Game/SideScrollerBP/Maps/SideScrollerExampleMap.SideScrollerExampleMap_C' with ClassGeneratedBy '/Game/SideScrollerBP/Maps/SideScrollerExampleMap.SideScrollerExampleMap:PersistentLevel.SideScrollerExampleMap'
[2021.04.19-04.31.38:564][799]LogPlayLevel: PlayLevel: No blueprints needed recompiling
[2021.04.19-04.31.38:565][799]PIE: New page: PIE session: SideScrollerExampleMap (Apr 18, 2021, 8:31:38 PM)
[2021.04.19-04.31.38:565][799]LogPlayLevel: Creating play world package: /Game/SideScrollerBP/Maps/UEDPIE_0_SideScrollerExampleMap
[2021.04.19-04.31.38:581][799]LogPlayLevel: PIE: StaticDuplicateObject took: (0.016682s)
[2021.04.19-04.31.38:582][799]LogAIModule: Creating AISystem for world SideScrollerExampleMap
[2021.04.19-04.31.38:583][799]LogPlayLevel: PIE: World Init took: (0.001173s)
[2021.04.19-04.31.38:583][799]LogPlayLevel: PIE: Created PIE world by copying editor world from /Game/SideScrollerBP/Maps/SideScrollerExampleMap.SideScrollerExampleMap to /Game/SideScrollerBP/Maps/UEDPIE_0_SideScrollerExampleMap.SideScrollerExampleMap (0.018051s)
[2021.04.19-04.31.38:667][799]LogInit: XAudio2 using 'Speakers / Headphones (Realtek Audio)' : 2 channels at 48 kHz using 32 bits per sample (channel mask 0x3)
[2021.04.19-04.31.38:708][799]LogInit: FAudioDevice initialized.
[2021.04.19-04.31.38:741][799]LogLoad: Game class is 'SideScrollerGameMode_C'
[2021.04.19-04.31.38:745][799]LogWorld: Bringing World /Game/SideScrollerBP/Maps/UEDPIE_0_SideScrollerExampleMap.SideScrollerExampleMap up for play (max tick rate 0) at 2021.04.19-00.31.38
[2021.04.19-04.31.38:745][799]LogWorld: Bringing up level for play took: 0.002288
[2021.04.19-04.31.38:758][799]PIE: Play in editor start time for /Game/SideScrollerBP/Maps/UEDPIE_0_SideScrollerExampleMap 1.175
[2021.04.19-04.31.38:758][799]LogBlueprintUserMessages: Late PlayInEditor Detection: Level '/Game/SideScrollerBP/Maps/SideScrollerExampleMap.SideScrollerExampleMap:PersistentLevel' has LevelScriptBlueprint '/Game/SideScrollerBP/Maps/SideScrollerExampleMap.SideScrollerExampleMap:PersistentLevel.SideScrollerExampleMap' with GeneratedClass '/Game/SideScrollerBP/Maps/SideScrollerExampleMap.SideScrollerExampleMap_C' with ClassGeneratedBy '/Game/SideScrollerBP/Maps/SideScrollerExampleMap.SideScrollerExampleMap:PersistentLevel.SideScrollerExampleMap'
[2021.04.19-04.31.47:254][650]LogBlueprintUserMessages: Early EndPlayMap Detection: Level '/Game/SideScrollerBP/Maps/SideScrollerExampleMap.SideScrollerExampleMap:PersistentLevel' has LevelScriptBlueprint '/Game/SideScrollerBP/Maps/SideScrollerExampleMap.SideScrollerExampleMap:PersistentLevel.SideScrollerExampleMap' with GeneratedClass '/Game/SideScrollerBP/Maps/SideScrollerExampleMap.SideScrollerExampleMap_C' with ClassGeneratedBy '/Game/SideScrollerBP/Maps/SideScrollerExampleMap.SideScrollerExampleMap:PersistentLevel.SideScrollerExampleMap'
[2021.04.19-04.31.47:254][650]LogSlate: Updating window title bar state: overlay mode, drag disabled, window buttons hidden, title bar hidden
[2021.04.19-04.31.47:303][650]LogPlayLevel: Display: Shutting down PIE online subsystems
[2021.04.19-04.31.47:303][650]LogBlueprintUserMessages: Late EndPlayMap Detection: Level '/Game/SideScrollerBP/Maps/SideScrollerExampleMap.SideScrollerExampleMap:PersistentLevel' has LevelScriptBlueprint '/Game/SideScrollerBP/Maps/SideScrollerExampleMap.SideScrollerExampleMap:PersistentLevel.SideScrollerExampleMap' with GeneratedClass '/Game/SideScrollerBP/Maps/SideScrollerExampleMap.SideScrollerExampleMap_C' with ClassGeneratedBy '/Game/SideScrollerBP/Maps/SideScrollerExampleMap.SideScrollerExampleMap:PersistentLevel.SideScrollerExampleMap'
[2021.04.19-04.31.47:375][650]LogSlate: Updating window title bar state: overlay mode, drag disabled, window buttons hidden, title bar hidden
[2021.04.19-04.31.47:447][651]LogPlayLevel: Display: Destroying online subsystem :Context_13
[2021.04.19-04.31.51:132][922]LogSlate: FSceneViewport::OnFocusLost() reason 0
[2021.04.19-04.31.52:573][940]LogSlate: Window 'Save Content' being destroyed
[2021.04.19-04.31.52:611][940]LogSavePackage: Moving '../../../../../../Users/thadk/Documents/Unreal Projects/shawnfourtwenty/Saved/UE4_Mannequin_Skeleton75C5E9E9457C2316CC3767BFABF69B8B.tmp' to '../../../../../../Users/thadk/Documents/Unreal Projects/shawnfourtwenty/Content/Mannequin/Character/Mesh/UE4_Mannequin_Skeleton.uasset'
[2021.04.19-04.31.53:121][940]LogSavePackage: Moving '../../../../../../Users/thadk/Documents/Unreal Projects/shawnfourtwenty/Saved/SideScrollerExampleMapE06B3C364E29423DED461CB7CFCFF7B4.tmp' to '../../../../../../Users/thadk/Documents/Unreal Projects/shawnfourtwenty/Content/SideScrollerBP/Maps/SideScrollerExampleMap.umap'
[2021.04.19-04.31.53:144][940]LogFileHelpers: Saving map 'SideScrollerExampleMap' took 0.526
[2021.04.19-04.31.56:345][290]LogSlate: Window 'UE4_Mannequin_Skeleton' being destroyed
[2021.04.19-04.31.56:350][290]LogSlate: Window 'UE4_Mannequin_Skeleton' being destroyed
